# JRE version: Java(TM) SE Runtime Environment (17.0.2+8) (build 17.0.2+8-LTS-86)
# Java VM: Java HotSpot(TM) 64-Bit Server VM (17.0.2+8-LTS-86, mixed mode, emulated-client, sharing, tiered, compressed oops, compressed class ptrs, g1 gc, windows-amd64)
GC Precious Log:
 CPUs: 12 total, 12 available
 Memory: 16236M
 Large Page Support: Disabled
 NUMA Support: Disabled
 Compressed Oops: Enabled (Zero based)
 Heap Region Size: 2M
 Heap Min Capacity: 8M
 Heap Initial Capacity: 254M
 Heap Max Capacity: 4060M
 Pre-touch: Disabled
 Parallel Workers: 10
 Concurrent Workers: 3
 Concurrent Refinement Workers: 10
 Periodic GC: Disabled
Heap:
 garbage-first heap   total 262144K, used 78631K [0x0000000702400000, 0x0000000800000000)
  region size 2048K, 2 young (4096K), 2 survivors (4096K)
 Metaspace       used 50952K, committed 51456K, reserved 1097728K
  class space    used 6853K, committed 7104K, reserved 1048576K
GC Heap History (20 events):
Event: 3.225 GC heap after
{Heap after GC invocations=12 (full 0):
 garbage-first heap   total 98304K, used 29633K [0x0000000702400000, 0x0000000800000000)
  region size 2048K, 2 young (4096K), 2 survivors (4096K)
 Metaspace       used 40474K, committed 40960K, reserved 1089536K
  class space    used 5532K, committed 5760K, reserved 1048576K
}
Event: 3.313 GC heap before
{Heap before GC invocations=12 (full 0):
 garbage-first heap   total 98304K, used 76737K [0x0000000702400000, 0x0000000800000000)
  region size 2048K, 25 young (51200K), 2 survivors (4096K)
 Metaspace       used 40513K, committed 40960K, reserved 1089536K
  class space    used 5536K, committed 5760K, reserved 1048576K
}
Event: 3.314 GC heap after
{Heap after GC invocations=13 (full 0):
 garbage-first heap   total 98304K, used 30334K [0x0000000702400000, 0x0000000800000000)
  region size 2048K, 2 young (4096K), 2 survivors (4096K)
 Metaspace       used 40513K, committed 40960K, reserved 1089536K
  class space    used 5536K, committed 5760K, reserved 1048576K
}
Event: 3.383 GC heap before
{Heap before GC invocations=13 (full 0):
 garbage-first heap   total 98304K, used 77438K [0x0000000702400000, 0x0000000800000000)
  region size 2048K, 25 young (51200K), 2 survivors (4096K)
 Metaspace       used 40538K, committed 41024K, reserved 1089536K
  class space    used 5538K, committed 5760K, reserved 1048576K
}
Event: 3.385 GC heap after
{Heap after GC invocations=14 (full 0):
 garbage-first heap   total 98304K, used 31031K [0x0000000702400000, 0x0000000800000000)
  region size 2048K, 3 young (6144K), 3 survivors (6144K)
 Metaspace       used 40538K, committed 41024K, reserved 1089536K
  class space    used 5538K, committed 5760K, reserved 1048576K
}
Event: 3.798 GC heap before
{Heap before GC invocations=14 (full 0):
 garbage-first heap   total 98304K, used 78135K [0x0000000702400000, 0x0000000800000000)
  region size 2048K, 26 young (53248K), 3 survivors (6144K)
 Metaspace       used 44915K, committed 45376K, reserved 1089536K
  class space    used 6149K, committed 6336K, reserved 1048576K
}
Event: 3.801 GC heap after
{Heap after GC invocations=15 (full 0):
 garbage-first heap   total 118784K, used 33015K [0x0000000702400000, 0x0000000800000000)
  region size 2048K, 3 young (6144K), 3 survivors (6144K)
 Metaspace       used 44915K, committed 45376K, reserved 1089536K
  class space    used 6149K, committed 6336K, reserved 1048576K
}
Event: 4.136 GC heap before
{Heap before GC invocations=15 (full 0):
 garbage-first heap   total 118784K, used 94455K [0x0000000702400000, 0x0000000800000000)
  region size 2048K, 33 young (67584K), 3 survivors (6144K)
 Metaspace       used 46901K, committed 47424K, reserved 1089536K
  class space    used 6320K, committed 6592K, reserved 1048576K
}
Event: 4.139 GC heap after
{Heap after GC invocations=16 (full 0):
 garbage-first heap   total 118784K, used 35731K [0x0000000702400000, 0x0000000800000000)
  region size 2048K, 4 young (8192K), 4 survivors (8192K)
 Metaspace       used 46901K, committed 47424K, reserved 1089536K
  class space    used 6320K, committed 6592K, reserved 1048576K
}
Event: 4.524 GC heap before
{Heap before GC invocations=16 (full 0):
 garbage-first heap   total 118784K, used 95123K [0x0000000702400000, 0x0000000800000000)
  region size 2048K, 33 young (67584K), 4 survivors (8192K)
 Metaspace       used 50023K, committed 50560K, reserved 1097728K
  class space    used 6750K, committed 7040K, reserved 1048576K
}
Event: 4.528 GC heap after
{Heap after GC invocations=17 (full 0):
 garbage-first heap   total 118784K, used 38700K [0x0000000702400000, 0x0000000800000000)
  region size 2048K, 4 young (8192K), 4 survivors (8192K)
 Metaspace       used 50023K, committed 50560K, reserved 1097728K
  class space    used 6750K, committed 7040K, reserved 1048576K
}
Event: 4.681 GC heap before
{Heap before GC invocations=17 (full 0):
 garbage-first heap   total 118784K, used 98092K [0x0000000702400000, 0x0000000800000000)
  region size 2048K, 32 young (65536K), 4 survivors (8192K)
 Metaspace       used 50856K, committed 51392K, reserved 1097728K
  class space    used 6840K, committed 7104K, reserved 1048576K
}
Event: 4.687 GC heap after
{Heap after GC invocations=18 (full 0):
 garbage-first heap   total 120832K, used 53579K [0x0000000702400000, 0x0000000800000000)
  region size 2048K, 4 young (8192K), 4 survivors (8192K)
 Metaspace       used 50856K, committed 51392K, reserved 1097728K
  class space    used 6840K, committed 7104K, reserved 1048576K
}
Event: 4.817 GC heap before
{Heap before GC invocations=18 (full 0):
 garbage-first heap   total 120832K, used 92491K [0x0000000702400000, 0x0000000800000000)
  region size 2048K, 23 young (47104K), 4 survivors (8192K)
 Metaspace       used 50952K, committed 51456K, reserved 1097728K
  class space    used 6853K, committed 7104K, reserved 1048576K
}
Event: 4.823 GC heap after
{Heap after GC invocations=19 (full 0):
 garbage-first heap   total 120832K, used 61355K [0x0000000702400000, 0x0000000800000000)
  region size 2048K, 3 young (6144K), 3 survivors (6144K)
 Metaspace       used 50952K, committed 51456K, reserved 1097728K
  class space    used 6853K, committed 7104K, reserved 1048576K
}
Event: 4.826 GC heap before
{Heap before GC invocations=19 (full 0):
 garbage-first heap   total 120832K, used 61355K [0x0000000702400000, 0x0000000800000000)
  region size 2048K, 4 young (8192K), 3 survivors (6144K)
 Metaspace       used 50952K, committed 51456K, reserved 1097728K
  class space    used 6853K, committed 7104K, reserved 1048576K
}
Event: 4.829 GC heap after
{Heap after GC invocations=20 (full 0):
 garbage-first heap   total 120832K, used 63578K [0x0000000702400000, 0x0000000800000000)
  region size 2048K, 1 young (2048K), 1 survivors (2048K)
 Metaspace       used 50952K, committed 51456K, reserved 1097728K
  class space    used 6853K, committed 7104K, reserved 1048576K
}
Event: 4.856 GC heap before
{Heap before GC invocations=20 (full 0):
 garbage-first heap   total 120832K, used 94298K [0x0000000702400000, 0x0000000800000000)
  region size 2048K, 15 young (30720K), 1 survivors (2048K)
 Metaspace       used 50952K, committed 51456K, reserved 1097728K
  class space    used 6853K, committed 7104K, reserved 1048576K
}
Event: 4.858 GC heap after
{Heap after GC invocations=21 (full 0):
 garbage-first heap   total 120832K, used 73372K [0x0000000702400000, 0x0000000800000000)
  region size 2048K, 2 young (4096K), 2 survivors (4096K)
 Metaspace       used 50952K, committed 51456K, reserved 1097728K
  class space    used 6853K, committed 7104K, reserved 1048576K
}
Event: 4.878 GC heap before
{Heap before GC invocations=21 (full 0):
 garbage-first heap   total 157696K, used 93852K [0x0000000702400000, 0x0000000800000000)
  region size 2048K, 12 young (24576K), 2 survivors (4096K)
 Metaspace       used 50952K, committed 51456K, reserved 1097728K
  class space    used 6853K, committed 7104K, reserved 1048576K
}

